<?xml version="1.0" encoding="UTF-8"?>
<!-- Generated by org.testng.reporters.JUnitXMLReporter -->
<testsuite ignored="3" hostname="Saurabh" failures="0" tests="5" name="ChromeTest" time="0.194" errors="0" timestamp="2023-02-04T12:52:11 IST">
  <testcase classname="Package.testclass1" name="test1" time="0.01"/>
  <testcase classname="Package.testclass2" name="test1" time="0.003"/>
  <testcase classname="Package.testclass2" name="testa" time="0.007"/>
  <testcase classname="Package.testclass2" name="testb" time="0.004"/>
  <testcase classname="Package.testclass2" name="testc" time="0.003"/>
  <testcase classname="Package.testclass1" name="test2" time="0.0">
    <ignored/>
  </testcase> <!-- test2 -->
  <testcase classname="Package.testclass1" name="test4" time="0.0">
    <ignored/>
  </testcase> <!-- test4 -->
  <testcase classname="Package.testclass1" name="test3" time="0.0">
    <ignored/>
  </testcase> <!-- test3 -->
</testsuite> <!-- ChromeTest -->
