<?xml version="1.0" encoding="UTF-8"?>
<!-- Generated by org.testng.reporters.JUnitXMLReporter -->
<testsuite ignored="0" hostname="Saurabh" failures="0" tests="4" name="FirefoxTest" time="0.092" errors="0" timestamp="2023-02-04T12:52:12 IST">
  <testcase classname="Package.testclass2" name="test1" time="0.008"/>
  <testcase classname="Package.testclass2" name="testa" time="0.008"/>
  <testcase classname="Package.testclass2" name="testb" time="0.004"/>
  <testcase classname="Package.testclass2" name="testc" time="0.002"/>
</testsuite> <!-- FirefoxTest -->
