<?xml version="1.0" encoding="UTF-8"?>
<!-- Generated by org.testng.reporters.JUnitXMLReporter -->
<testsuite ignored="3" hostname="Saurabh" failures="0" tests="5" name="Test1" time="0.377" errors="0" timestamp="2023-01-27T10:05:40 IST">
  <testcase classname="Package.testclass1" name="test1" time="0.025"/>
  <testcase classname="Package.testclass2" name="test1" time="0.008"/>
  <testcase classname="Package.testclass2" name="testa" time="0.007"/>
  <testcase classname="Package.testclass2" name="testb" time="0.004"/>
  <testcase classname="Package.testclass2" name="testc" time="0.006"/>
  <testcase classname="Package.testclass1" name="test2" time="0.0">
    <ignored/>
  </testcase> <!-- test2 -->
  <testcase classname="Package.testclass1" name="test3" time="0.0">
    <ignored/>
  </testcase> <!-- test3 -->
  <testcase classname="Package.testclass1" name="test4" time="0.0">
    <ignored/>
  </testcase> <!-- test4 -->
</testsuite> <!-- Test1 -->
