<?xml version="1.0" encoding="UTF-8"?>
<!-- Generated by org.testng.reporters.JUnitXMLReporter -->
<testsuite ignored="0" hostname="Saurabh" failures="0" tests="4" name="Test2" time="0.063" errors="0" timestamp="2023-01-27T10:05:40 IST">
  <testcase classname="Package.testclass2" name="test1" time="0.002"/>
  <testcase classname="Package.testclass2" name="testa" time="0.002"/>
  <testcase classname="Package.testclass2" name="testb" time="0.003"/>
  <testcase classname="Package.testclass2" name="testc" time="0.02"/>
</testsuite> <!-- Test2 -->
