<?xml version="1.0" encoding="UTF-8"?>
<testng-results ignored="0" total="2" passed="2" failed="0" skipped="0">
  <reporter-output>
  </reporter-output>
  <suite started-at="2023-02-14T20:05:55 IST" name="Suite" finished-at="2023-02-14T20:06:40 IST" duration-ms="44856">
    <groups>
    </groups>
    <test started-at="2023-02-14T20:05:55 IST" name="ChromeTest" finished-at="2023-02-14T20:06:15 IST" duration-ms="20580">
      <class name="facebookpack.facebooksignup">
        <test-method is-config="true" signature="beforetest()[pri:0, instance:facebookpack.facebooksignup@71a8adcf]" started-at="2023-02-14T20:05:55 IST" name="beforetest" finished-at="2023-02-14T20:06:05 IST" duration-ms="10280" status="PASS">
          <reporter-output>
          </reporter-output>
        </test-method> <!-- beforetest -->
        <test-method is-config="true" signature="beforeclass()[pri:0, instance:facebookpack.facebooksignup@71a8adcf]" started-at="2023-02-14T20:06:05 IST" name="beforeclass" finished-at="2023-02-14T20:06:05 IST" duration-ms="62" status="PASS">
          <reporter-output>
          </reporter-output>
        </test-method> <!-- beforeclass -->
        <test-method is-config="true" signature="beforemethod()[pri:0, instance:facebookpack.facebooksignup@71a8adcf]" started-at="2023-02-14T20:06:05 IST" name="beforemethod" finished-at="2023-02-14T20:06:09 IST" duration-ms="3447" status="PASS">
          <reporter-output>
          </reporter-output>
        </test-method> <!-- beforemethod -->
        <test-method signature="test1()[pri:0, instance:facebookpack.facebooksignup@71a8adcf]" started-at="2023-02-14T20:06:09 IST" name="test1" finished-at="2023-02-14T20:06:13 IST" duration-ms="3921" status="PASS">
          <reporter-output>
          </reporter-output>
        </test-method> <!-- test1 -->
        <test-method is-config="true" signature="aftermethod()[pri:0, instance:facebookpack.facebooksignup@71a8adcf]" started-at="2023-02-14T20:06:13 IST" name="aftermethod" finished-at="2023-02-14T20:06:13 IST" duration-ms="1" status="PASS">
          <reporter-output>
          </reporter-output>
        </test-method> <!-- aftermethod -->
        <test-method is-config="true" signature="afterclass()[pri:0, instance:facebookpack.facebooksignup@71a8adcf]" started-at="2023-02-14T20:06:13 IST" name="afterclass" finished-at="2023-02-14T20:06:13 IST" duration-ms="1" status="PASS">
          <reporter-output>
          </reporter-output>
        </test-method> <!-- afterclass -->
        <test-method is-config="true" signature="aftertest()[pri:0, instance:facebookpack.facebooksignup@71a8adcf]" started-at="2023-02-14T20:06:13 IST" name="aftertest" finished-at="2023-02-14T20:06:15 IST" duration-ms="2764" status="PASS">
          <reporter-output>
          </reporter-output>
        </test-method> <!-- aftertest -->
      </class> <!-- facebookpack.facebooksignup -->
    </test> <!-- ChromeTest -->
    <test started-at="2023-02-14T20:06:15 IST" name="FirefoxTest" finished-at="2023-02-14T20:06:40 IST" duration-ms="24097">
      <class name="facebookpack.facebooksignup">
        <test-method is-config="true" signature="beforesuite()[pri:0, instance:facebookpack.facebooksignup@5677323c]" started-at="2023-02-14T20:05:55 IST" name="beforesuite" finished-at="2023-02-14T20:05:55 IST" duration-ms="30" status="PASS">
          <reporter-output>
          </reporter-output>
        </test-method> <!-- beforesuite -->
        <test-method is-config="true" signature="beforetest()[pri:0, instance:facebookpack.facebooksignup@5677323c]" started-at="2023-02-14T20:06:15 IST" name="beforetest" finished-at="2023-02-14T20:06:30 IST" duration-ms="14322" status="PASS">
          <reporter-output>
          </reporter-output>
        </test-method> <!-- beforetest -->
        <test-method is-config="true" signature="beforeclass()[pri:0, instance:facebookpack.facebooksignup@5677323c]" started-at="2023-02-14T20:06:30 IST" name="beforeclass" finished-at="2023-02-14T20:06:30 IST" duration-ms="4" status="PASS">
          <reporter-output>
          </reporter-output>
        </test-method> <!-- beforeclass -->
        <test-method is-config="true" signature="beforemethod()[pri:0, instance:facebookpack.facebooksignup@5677323c]" started-at="2023-02-14T20:06:30 IST" name="beforemethod" finished-at="2023-02-14T20:06:33 IST" duration-ms="3101" status="PASS">
          <reporter-output>
          </reporter-output>
        </test-method> <!-- beforemethod -->
        <test-method signature="test1()[pri:0, instance:facebookpack.facebooksignup@5677323c]" started-at="2023-02-14T20:06:33 IST" name="test1" finished-at="2023-02-14T20:06:37 IST" duration-ms="4270" status="PASS">
          <reporter-output>
          </reporter-output>
        </test-method> <!-- test1 -->
        <test-method is-config="true" signature="aftermethod()[pri:0, instance:facebookpack.facebooksignup@5677323c]" started-at="2023-02-14T20:06:37 IST" name="aftermethod" finished-at="2023-02-14T20:06:37 IST" duration-ms="1" status="PASS">
          <reporter-output>
          </reporter-output>
        </test-method> <!-- aftermethod -->
        <test-method is-config="true" signature="afterclass()[pri:0, instance:facebookpack.facebooksignup@5677323c]" started-at="2023-02-14T20:06:37 IST" name="afterclass" finished-at="2023-02-14T20:06:37 IST" duration-ms="1" status="PASS">
          <reporter-output>
          </reporter-output>
        </test-method> <!-- afterclass -->
        <test-method is-config="true" signature="aftertest()[pri:0, instance:facebookpack.facebooksignup@5677323c]" started-at="2023-02-14T20:06:37 IST" name="aftertest" finished-at="2023-02-14T20:06:40 IST" duration-ms="2392" status="PASS">
          <reporter-output>
          </reporter-output>
        </test-method> <!-- aftertest -->
      </class> <!-- facebookpack.facebooksignup -->
    </test> <!-- FirefoxTest -->
  </suite> <!-- Suite -->
</testng-results>
